#
# A fatal error has been detected by the Java Runtime Environment:
#
#  EXCEPTION_ACCESS_VIOLATION (0xc0000005) at pc=0x00000000509c34f1, pid=7668, tid=0x0000000000002538
#
# JRE version: OpenJDK Runtime Environment (8.0_242-b01) (build 1.8.0_242-release-1644-b01)
# Java VM: OpenJDK 64-Bit Server VM (25.242-b01 mixed mode windows-amd64 compressed oops)
# Problematic frame:
# V  [jvm.dll+0x4734f1]
#
# Failed to write core dump. Minidumps are not enabled by default on client versions of Windows
#
# If you would like to submit a bug report, please visit:
#   
#

---------------  T H R E A D  ---------------

Current thread (0x00000000184ae000):  JavaThread "C2 CompilerThread1" daemon [_thread_in_native, id=9528, stack(0x000000001acc0000,0x000000001adc0000)]

siginfo: ExceptionCode=0xc0000005, reading address 0x0000000051354ab7

Registers:
RAX=0x000000000000000e, RBX=0x00000000000001df, RCX=0x0000000000000007, RDX=0x0000000000000007
RSP=0x000000001adbc590, RBP=0x000000001b9d8f30, RSI=0x0000000000000001, RDI=0x000000001adbc5f0
R8 =0x0000000000000064, R9 =0x00000000000001e0, R10=0x0000000050d1f750, R11=0x0000000050550000
R12=0x000000001c54db60, R13=0x000000001b838890, R14=0x0000000000008e80, R15=0x0000000000000001
RIP=0x00000000509c34f1, EFLAGS=0x0000000000010212

Top of Stack: (sp=0x000000001adbc590)
0x000000001adbc590:   000000001c54db60 0000000000000001
0x000000001adbc5a0:   000000001c54db60 0000000050d189e0
0x000000001adbc5b0:   00000000000001df 00000000509dc955
0x000000001adbc5c0:   0000000000000005 000000000000002e
0x000000001adbc5d0:   000000001b9d8f30 0000000000000000
0x000000001adbc5e0:   000000001b838890 000000001c54db60
0x000000001adbc5f0:   0000000e00000064 0000000000000008
0x000000001adbc600:   000000001bd20200 0000000000000002
0x000000001adbc610:   000000001c54da30 0000000000000004
0x000000001adbc620:   000000001c54da20 0000000050987324
0x000000001adbc630:   000000001d331c60 000000001adbc7f0
0x000000001adbc640:   0000000000000000 0000000000000001
0x000000001adbc650:   0000000000000008 000000001d331db0
0x000000001adbc660:   0000000000000001 00000000509dd1ae
0x000000001adbc670:   000000001adbc7f0 000000001d331c60
0x000000001adbc680:   000000001c54da20 000000001adbc6c0 

Instructions: (pc=0x00000000509c34f1)
0x00000000509c34d1:   4c 8d 15 28 cb b8 ff 83 e2 1f 42 0f b6 8c 12 80
0x00000000509c34e1:   53 63 00 41 d3 e8 42 8d 04 09 44 89 07 89 47 04
0x00000000509c34f1:   42 0f b6 84 12 60 53 63 00 41 03 c1 48 83 c4 20
0x00000000509c3501:   5f c3 48 8b cf 48 83 c4 20 5f e9 40 fe ff ff 8d 


Register to memory mapping:

RAX=0x000000000000000e is an unknown value
RBX=0x00000000000001df is an unknown value
RCX=0x0000000000000007 is an unknown value
RDX=0x0000000000000007 is an unknown value
RSP=0x000000001adbc590 is pointing into the stack for thread: 0x00000000184ae000
RBP=0x000000001b9d8f30 is an unknown value
RSI=0x0000000000000001 is an unknown value
RDI=0x000000001adbc5f0 is pointing into the stack for thread: 0x00000000184ae000
R8 =0x0000000000000064 is an unknown value
R9 =0x00000000000001e0 is an unknown value
R10=0x0000000050d1f750 is an unknown value
R11=0x0000000050550000 is an unknown value
R12=0x000000001c54db60 is an unknown value
R13=0x000000001b838890 is an unknown value
R14=0x0000000000008e80 is an unknown value
R15=0x0000000000000001 is an unknown value


Stack: [0x000000001acc0000,0x000000001adc0000],  sp=0x000000001adbc590,  free space=1009k
Native frames: (J=compiled Java code, j=interpreted, Vv=VM code, C=native code)
V  [jvm.dll+0x4734f1]
V  [jvm.dll+0x48c955]
V  [jvm.dll+0x48d1ae]
V  [jvm.dll+0x43a743]
V  [jvm.dll+0x4456ab]
V  [jvm.dll+0x447fa8]
V  [jvm.dll+0x42b072]
V  [jvm.dll+0x8230f]
V  [jvm.dll+0x82c7f]
V  [jvm.dll+0x220b7f]
V  [jvm.dll+0x27276a]
C  [msvcr100.dll+0x21d9f]
C  [msvcr100.dll+0x21e3b]
C  [KERNEL32.DLL+0x17034]
C  [ntdll.dll+0x52651]


Current CompileTask:
C2:  10675 4140       4       org.gradle.internal.reflect.MethodSet::add (50 bytes)


---------------  P R O C E S S  ---------------

Java Threads: ( => current thread )
  0x000000001fd57800 JavaThread "Cache worker for Build Output Cleanup Cache (C:\Users\jorge\Documents\Jorge\UJI\2oCuatri\Moviles\UJISeaBattle-JGA-JSR\.gradle\buildOutputCleanup)" [_thread_blocked, id=3260, stack(0x000000002aab0000,0x000000002abb0000)]
  0x000000001fd5e800 JavaThread "jar transforms Thread 114" [_thread_blocked, id=7812, stack(0x000000002a4b0000,0x000000002a5b0000)]
  0x000000001fd5d000 JavaThread "jar transforms Thread 113" [_thread_blocked, id=7692, stack(0x000000002a3b0000,0x000000002a4b0000)]
  0x000000001fd5a000 JavaThread "jar transforms Thread 112" [_thread_blocked, id=9656, stack(0x000000002a2b0000,0x000000002a3b0000)]
  0x000000001fd59000 JavaThread "jar transforms Thread 111" [_thread_blocked, id=2940, stack(0x000000002a1b0000,0x000000002a2b0000)]
  0x000000001fd5c000 JavaThread "jar transforms Thread 110" [_thread_blocked, id=1176, stack(0x000000002a0b0000,0x000000002a1b0000)]
  0x000000001fd5b800 JavaThread "jar transforms Thread 109" [_thread_blocked, id=3192, stack(0x0000000029fb0000,0x000000002a0b0000)]
  0x000000001fd5d800 JavaThread "jar transforms Thread 108" [_thread_blocked, id=8984, stack(0x0000000029eb0000,0x0000000029fb0000)]
  0x000000001fd58800 JavaThread "jar transforms Thread 107" [_thread_blocked, id=12656, stack(0x0000000029db0000,0x0000000029eb0000)]
  0x000000001fd5a800 JavaThread "jar transforms Thread 106" [_thread_blocked, id=9160, stack(0x0000000029cb0000,0x0000000029db0000)]
  0x000000001fd57000 JavaThread "jar transforms Thread 105" [_thread_blocked, id=9652, stack(0x0000000029bb0000,0x0000000029cb0000)]
  0x000000001fd4f800 JavaThread "jar transforms Thread 104" [_thread_blocked, id=1476, stack(0x0000000029ab0000,0x0000000029bb0000)]
  0x000000001fd56000 JavaThread "jar transforms Thread 103" [_thread_blocked, id=9272, stack(0x00000000299b0000,0x0000000029ab0000)]
  0x000000001fd51000 JavaThread "jar transforms Thread 102" [_thread_blocked, id=8588, stack(0x00000000298b0000,0x00000000299b0000)]
  0x000000001fd51800 JavaThread "jar transforms Thread 101" [_thread_blocked, id=5648, stack(0x00000000297b0000,0x00000000298b0000)]
  0x000000001fd55800 JavaThread "jar transforms Thread 100" [_thread_blocked, id=11348, stack(0x00000000296b0000,0x00000000297b0000)]
  0x000000001fd54800 JavaThread "jar transforms Thread 99" [_thread_blocked, id=3660, stack(0x00000000295b0000,0x00000000296b0000)]
  0x000000001fd54000 JavaThread "jar transforms Thread 98" [_thread_blocked, id=11188, stack(0x00000000294b0000,0x00000000295b0000)]
  0x000000001fd50000 JavaThread "jar transforms Thread 97" [_thread_blocked, id=2376, stack(0x00000000293b0000,0x00000000294b0000)]
  0x000000001fd52800 JavaThread "jar transforms Thread 96" [_thread_blocked, id=6220, stack(0x00000000292b0000,0x00000000293b0000)]
  0x000000001fd53000 JavaThread "jar transforms Thread 95" [_thread_blocked, id=12804, stack(0x00000000291b0000,0x00000000292b0000)]
  0x000000001d445000 JavaThread "jar transforms Thread 94" [_thread_blocked, id=4172, stack(0x00000000290b0000,0x00000000291b0000)]
  0x000000001d443800 JavaThread "jar transforms Thread 93" [_thread_blocked, id=7016, stack(0x0000000028fb0000,0x00000000290b0000)]
  0x000000001d443000 JavaThread "jar transforms Thread 92" [_thread_blocked, id=8548, stack(0x0000000028eb0000,0x0000000028fb0000)]
  0x000000001d442000 JavaThread "jar transforms Thread 91" [_thread_blocked, id=7408, stack(0x0000000028db0000,0x0000000028eb0000)]
  0x000000001d441800 JavaThread "jar transforms Thread 90" [_thread_blocked, id=2752, stack(0x0000000028cb0000,0x0000000028db0000)]
  0x000000001d444800 JavaThread "jar transforms Thread 89" [_thread_blocked, id=7208, stack(0x0000000028bb0000,0x0000000028cb0000)]
  0x000000001d440000 JavaThread "jar transforms Thread 88" [_thread_blocked, id=8280, stack(0x0000000028ab0000,0x0000000028bb0000)]
  0x000000001d440800 JavaThread "jar transforms Thread 87" [_thread_blocked, id=9608, stack(0x00000000289b0000,0x0000000028ab0000)]
  0x000000001d43a000 JavaThread "jar transforms Thread 86" [_thread_blocked, id=10036, stack(0x00000000288b0000,0x00000000289b0000)]
  0x000000001d43b800 JavaThread "jar transforms Thread 85" [_thread_blocked, id=7388, stack(0x00000000287b0000,0x00000000288b0000)]
  0x000000001d43f000 JavaThread "jar transforms Thread 84" [_thread_blocked, id=1548, stack(0x00000000286b0000,0x00000000287b0000)]
  0x000000001d437800 JavaThread "jar transforms Thread 83" [_thread_blocked, id=560, stack(0x00000000285b0000,0x00000000286b0000)]
  0x000000001d439000 JavaThread "jar transforms Thread 82" [_thread_blocked, id=1676, stack(0x00000000284b0000,0x00000000285b0000)]
  0x000000001d43a800 JavaThread "jar transforms Thread 81" [_thread_blocked, id=7768, stack(0x00000000283b0000,0x00000000284b0000)]
  0x000000001d43e800 JavaThread "jar transforms Thread 80" [_thread_blocked, id=2708, stack(0x00000000282b0000,0x00000000283b0000)]
  0x000000001d438800 JavaThread "jar transforms Thread 79" [_thread_blocked, id=5496, stack(0x00000000281b0000,0x00000000282b0000)]
  0x000000001d437000 JavaThread "jar transforms Thread 78" [_thread_blocked, id=10796, stack(0x00000000280b0000,0x00000000281b0000)]
  0x000000001d43d800 JavaThread "jar transforms Thread 77" [_thread_blocked, id=13120, stack(0x0000000027fb0000,0x00000000280b0000)]
  0x000000001d436000 JavaThread "jar transforms Thread 76" [_thread_blocked, id=7696, stack(0x0000000027eb0000,0x0000000027fb0000)]
  0x000000001d43d000 JavaThread "jar transforms Thread 75" [_thread_blocked, id=7524, stack(0x0000000027db0000,0x0000000027eb0000)]
  0x000000001d43c000 JavaThread "jar transforms Thread 74" [_thread_blocked, id=10488, stack(0x0000000027cb0000,0x0000000027db0000)]
  0x00000000206c4800 JavaThread "jar transforms Thread 73" [_thread_blocked, id=7488, stack(0x0000000027bb0000,0x0000000027cb0000)]
  0x00000000206c3000 JavaThread "jar transforms Thread 72" [_thread_blocked, id=680, stack(0x0000000027ab0000,0x0000000027bb0000)]
  0x00000000206c3800 JavaThread "jar transforms Thread 71" [_thread_blocked, id=10420, stack(0x00000000279b0000,0x0000000027ab0000)]
  0x00000000206c1800 JavaThread "jar transforms Thread 70" [_thread_blocked, id=7848, stack(0x00000000278b0000,0x00000000279b0000)]
  0x00000000206c0000 JavaThread "jar transforms Thread 69" [_thread_blocked, id=3380, stack(0x00000000277b0000,0x00000000278b0000)]
  0x00000000206c2000 JavaThread "jar transforms Thread 68" [_thread_blocked, id=9812, stack(0x00000000276b0000,0x00000000277b0000)]
  0x00000000206c0800 JavaThread "jar transforms Thread 67" [_thread_blocked, id=3712, stack(0x00000000275b0000,0x00000000276b0000)]
  0x00000000206bf000 JavaThread "jar transforms Thread 66" [_thread_blocked, id=12772, stack(0x00000000274b0000,0x00000000275b0000)]
  0x00000000206b7800 JavaThread "jar transforms Thread 65" [_thread_blocked, id=8904, stack(0x00000000273b0000,0x00000000274b0000)]
  0x00000000206be800 JavaThread "jar transforms Thread 64" [_thread_blocked, id=11780, stack(0x00000000272b0000,0x00000000273b0000)]
  0x00000000206bd800 JavaThread "jar transforms Thread 63" [_thread_blocked, id=6004, stack(0x00000000271b0000,0x00000000272b0000)]
  0x00000000206bd000 JavaThread "jar transforms Thread 62" [_thread_blocked, id=6752, stack(0x00000000270b0000,0x00000000271b0000)]
  0x00000000206b5000 JavaThread "jar transforms Thread 61" [_thread_blocked, id=12232, stack(0x0000000026fb0000,0x00000000270b0000)]
  0x00000000206b6000 JavaThread "jar transforms Thread 60" [_thread_blocked, id=5600, stack(0x0000000026eb0000,0x0000000026fb0000)]
  0x00000000206bc000 JavaThread "jar transforms Thread 59" [_thread_blocked, id=8296, stack(0x0000000026db0000,0x0000000026eb0000)]
  0x00000000206b8800 JavaThread "jar transforms Thread 58" [_thread_blocked, id=13136, stack(0x0000000026cb0000,0x0000000026db0000)]
  0x00000000206bb800 JavaThread "jar transforms Thread 57" [_thread_blocked, id=8368, stack(0x0000000026bb0000,0x0000000026cb0000)]
  0x00000000206ba800 JavaThread "jar transforms Thread 56" [_thread_blocked, id=3648, stack(0x0000000026ab0000,0x0000000026bb0000)]
  0x00000000206b9000 JavaThread "jar transforms Thread 55" [_thread_blocked, id=9648, stack(0x00000000269b0000,0x0000000026ab0000)]
  0x00000000206b6800 JavaThread "jar transforms Thread 54" [_thread_blocked, id=12204, stack(0x00000000268b0000,0x00000000269b0000)]
  0x00000000206ba000 JavaThread "jar transforms Thread 53" [_thread_blocked, id=13204, stack(0x00000000267b0000,0x00000000268b0000)]
  0x000000001b2c2000 JavaThread "jar transforms Thread 52" [_thread_blocked, id=12560, stack(0x00000000266b0000,0x00000000267b0000)]
  0x000000001b2c3800 JavaThread "jar transforms Thread 51" [_thread_blocked, id=2892, stack(0x00000000265b0000,0x00000000266b0000)]
  0x000000001b2c3000 JavaThread "jar transforms Thread 50" [_thread_blocked, id=6016, stack(0x00000000264b0000,0x00000000265b0000)]
  0x000000001b2c1800 JavaThread "jar transforms Thread 49" [_thread_blocked, id=12580, stack(0x00000000263b0000,0x00000000264b0000)]
  0x000000001b2b9800 JavaThread "jar transforms Thread 48" [_thread_blocked, id=11216, stack(0x00000000262b0000,0x00000000263b0000)]
  0x000000001b2c0800 JavaThread "jar transforms Thread 47" [_thread_blocked, id=11920, stack(0x00000000261b0000,0x00000000262b0000)]
  0x000000001b2c0000 JavaThread "jar transforms Thread 46" [_thread_blocked, id=464, stack(0x00000000260b0000,0x00000000261b0000)]
  0x000000001b2bf000 JavaThread "jar transforms Thread 45" [_thread_blocked, id=12072, stack(0x0000000025fb0000,0x00000000260b0000)]
  0x000000001b2b7800 JavaThread "jar transforms Thread 44" [_thread_blocked, id=11324, stack(0x0000000025eb0000,0x0000000025fb0000)]
  0x000000001b2be800 JavaThread "jar transforms Thread 43" [_thread_blocked, id=1380, stack(0x0000000025db0000,0x0000000025eb0000)]
  0x000000001b2bc000 JavaThread "jar transforms Thread 42" [_thread_blocked, id=6288, stack(0x0000000025cb0000,0x0000000025db0000)]
  0x000000001b2bb800 JavaThread "jar transforms Thread 41" [_thread_blocked, id=6500, stack(0x0000000025bb0000,0x0000000025cb0000)]
  0x000000001b2ba800 JavaThread "jar transforms Thread 40" [_thread_blocked, id=1796, stack(0x0000000025ab0000,0x0000000025bb0000)]
  0x000000001b2bd800 JavaThread "jar transforms Thread 39" [_thread_blocked, id=10432, stack(0x00000000259b0000,0x0000000025ab0000)]
  0x000000001b2b6800 JavaThread "jar transforms Thread 38" [_thread_blocked, id=5940, stack(0x00000000258b0000,0x00000000259b0000)]
  0x000000001b2bd000 JavaThread "jar transforms Thread 37" [_thread_blocked, id=6400, stack(0x00000000257b0000,0x00000000258b0000)]
  0x000000001b2b4800 JavaThread "jar transforms Thread 36" [_thread_blocked, id=1620, stack(0x00000000256b0000,0x00000000257b0000)]
  0x000000001b2b8000 JavaThread "jar transforms Thread 35" [_thread_blocked, id=12984, stack(0x00000000255b0000,0x00000000256b0000)]
  0x000000001b2b9000 JavaThread "jar transforms Thread 34" [_thread_blocked, id=8816, stack(0x00000000254b0000,0x00000000255b0000)]
  0x000000001b2b6000 JavaThread "jar transforms Thread 33" [_thread_blocked, id=5008, stack(0x00000000253b0000,0x00000000254b0000)]
  0x000000001b2b5000 JavaThread "jar transforms Thread 32" [_thread_blocked, id=10824, stack(0x00000000252b0000,0x00000000253b0000)]
  0x000000001d62d800 JavaThread "jar transforms Thread 31" [_thread_blocked, id=11208, stack(0x00000000251b0000,0x00000000252b0000)]
  0x000000001d62d000 JavaThread "jar transforms Thread 30" [_thread_blocked, id=1088, stack(0x00000000250b0000,0x00000000251b0000)]
  0x000000001d62c000 JavaThread "jar transforms Thread 29" [_thread_blocked, id=3656, stack(0x0000000024fb0000,0x00000000250b0000)]
  0x000000001d62b800 JavaThread "jar transforms Thread 28" [_thread_blocked, id=8784, stack(0x0000000024eb0000,0x0000000024fb0000)]
  0x000000001d62a800 JavaThread "jar transforms Thread 27" [_thread_blocked, id=9956, stack(0x0000000024db0000,0x0000000024eb0000)]
  0x000000001d623000 JavaThread "jar transforms Thread 26" [_thread_blocked, id=860, stack(0x0000000024cb0000,0x0000000024db0000)]
  0x000000001d62a000 JavaThread "jar transforms Thread 25" [_thread_blocked, id=7828, stack(0x0000000024bb0000,0x0000000024cb0000)]
  0x000000001d622800 JavaThread "jar transforms Thread 24" [_thread_blocked, id=11256, stack(0x0000000024ab0000,0x0000000024bb0000)]
  0x000000001d629000 JavaThread "jar transforms Thread 23" [_thread_blocked, id=11284, stack(0x00000000249b0000,0x0000000024ab0000)]
  0x000000001d621800 JavaThread "jar transforms Thread 22" [_thread_blocked, id=7184, stack(0x00000000248b0000,0x00000000249b0000)]
  0x000000001d628800 JavaThread "jar transforms Thread 21" [_thread_blocked, id=10068, stack(0x00000000247b0000,0x00000000248b0000)]
  0x000000001d626000 JavaThread "jar transforms Thread 20" [_thread_blocked, id=6368, stack(0x00000000246b0000,0x00000000247b0000)]
  0x000000001d627000 JavaThread "jar transforms Thread 19" [_thread_blocked, id=8160, stack(0x00000000245b0000,0x00000000246b0000)]
  0x000000001d625800 JavaThread "jar transforms Thread 18" [_thread_blocked, id=5660, stack(0x00000000244b0000,0x00000000245b0000)]
  0x000000001d621000 JavaThread "jar transforms Thread 17" [_thread_blocked, id=9212, stack(0x00000000243b0000,0x00000000244b0000)]
  0x000000001d624000 JavaThread "jar transforms Thread 16" [_thread_blocked, id=3396, stack(0x00000000242b0000,0x00000000243b0000)]
  0x000000001d624800 JavaThread "jar transforms Thread 15" [_thread_blocked, id=7568, stack(0x00000000241b0000,0x00000000242b0000)]
  0x000000001d627800 JavaThread "jar transforms Thread 14" [_thread_blocked, id=12716, stack(0x00000000240b0000,0x00000000241b0000)]
  0x000000001d61e800 JavaThread "jar transforms Thread 13" [_thread_blocked, id=6268, stack(0x0000000023fb0000,0x00000000240b0000)]
  0x000000001d620000 JavaThread "jar transforms Thread 12" [_thread_blocked, id=4828, stack(0x0000000023eb0000,0x0000000023fb0000)]
  0x000000001d61f800 JavaThread "jar transforms Thread 11" [_thread_blocked, id=13044, stack(0x0000000023db0000,0x0000000023eb0000)]
  0x000000001c084800 JavaThread "jar transforms Thread 10" [_thread_blocked, id=13028, stack(0x0000000023cb0000,0x0000000023db0000)]
  0x000000001c087800 JavaThread "jar transforms Thread 9" [_thread_blocked, id=3752, stack(0x0000000023bb0000,0x0000000023cb0000)]
  0x000000001c083000 JavaThread "jar transforms Thread 8" [_thread_blocked, id=1156, stack(0x0000000023ab0000,0x0000000023bb0000)]
  0x000000001c086800 JavaThread "jar transforms Thread 7" [_thread_blocked, id=5020, stack(0x00000000239b0000,0x0000000023ab0000)]
  0x000000001c082000 JavaThread "jar transforms Thread 6" [_thread_blocked, id=10744, stack(0x00000000238b0000,0x00000000239b0000)]
  0x000000001c085000 JavaThread "jar transforms Thread 5" [_thread_blocked, id=7332, stack(0x00000000237b0000,0x00000000238b0000)]
  0x000000001c086000 JavaThread "jar transforms Thread 4" [_thread_blocked, id=11016, stack(0x00000000236b0000,0x00000000237b0000)]
  0x000000001c083800 JavaThread "jar transforms Thread 3" [_thread_blocked, id=3724, stack(0x00000000235b0000,0x00000000236b0000)]
  0x000000001c07a800 JavaThread "jar transforms Thread 2" [_thread_blocked, id=7328, stack(0x00000000234b0000,0x00000000235b0000)]
  0x000000001c081800 JavaThread "Build operations Thread 8" [_thread_blocked, id=8740, stack(0x00000000232b0000,0x00000000233b0000)]
  0x000000001c07a000 JavaThread "Build operations Thread 7" [_thread_blocked, id=6644, stack(0x00000000231b0000,0x00000000232b0000)]
  0x000000001c080800 JavaThread "Build operations Thread 6" [_thread_blocked, id=5136, stack(0x00000000230b0000,0x00000000231b0000)]
  0x000000001c07d800 JavaThread "Build operations Thread 5" [_thread_blocked, id=8024, stack(0x0000000022fb0000,0x00000000230b0000)]
  0x000000001c079000 JavaThread "Build operations Thread 4" [_thread_blocked, id=3608, stack(0x0000000022eb0000,0x0000000022fb0000)]
  0x000000001c080000 JavaThread "Build operations Thread 3" [_thread_blocked, id=7504, stack(0x0000000022db0000,0x0000000022eb0000)]
  0x000000001c078800 JavaThread "Build operations Thread 2" [_thread_blocked, id=9232, stack(0x0000000022cb0000,0x0000000022db0000)]
  0x000000001c07d000 JavaThread "Build operations" [_thread_blocked, id=7360, stack(0x0000000022bb0000,0x0000000022cb0000)]
  0x000000001ce60000 JavaThread "Cache worker for file content cache (C:\Users\jorge\.gradle\caches\6.5\fileContent)" [_thread_blocked, id=6948, stack(0x00000000224b0000,0x00000000225b0000)]
  0x000000001ce62000 JavaThread "jar transforms" [_thread_blocked, id=11088, stack(0x00000000223b0000,0x00000000224b0000)]
  0x000000001ce5d000 JavaThread "Cache worker for execution history cache (C:\Users\jorge\.gradle\caches\6.5\executionHistory)" [_thread_blocked, id=2800, stack(0x0000000021cb0000,0x0000000021db0000)]
  0x000000001ce5f000 JavaThread "Cache worker for cache directory md-rule (C:\Users\jorge\.gradle\caches\6.5\md-rule)" [_thread_blocked, id=10784, stack(0x0000000021bb0000,0x0000000021cb0000)]
  0x000000001ce5e800 JavaThread "Cache worker for cache directory md-supplier (C:\Users\jorge\.gradle\caches\6.5\md-supplier)" [_thread_blocked, id=10500, stack(0x0000000021ab0000,0x0000000021bb0000)]
  0x000000001ce63000 JavaThread "Cache worker for checksums cache (C:\Users\jorge\Documents\Jorge\UJI\2oCuatri\Moviles\UJISeaBattle-JGA-JSR\.gradle\checksums)" [_thread_blocked, id=7276, stack(0x00000000219b0000,0x0000000021ab0000)]
  0x000000001ce61800 JavaThread "Cache worker for file hash cache (C:\Users\jorge\Documents\Jorge\UJI\2oCuatri\Moviles\UJISeaBattle-JGA-JSR\.gradle\6.5\fileHashes)" [_thread_blocked, id=7864, stack(0x00000000216b0000,0x00000000217b0000)]
  0x000000001ce60800 JavaThread "Cache worker for file hash cache (C:\Users\jorge\.gradle\caches\6.5\fileHashes)" [_thread_blocked, id=9036, stack(0x000000001f210000,0x000000001f310000)]
  0x000000001ce5d800 JavaThread "File lock request listener" [_thread_in_native, id=12836, stack(0x000000001f110000,0x000000001f210000)]
  0x000000001ce70800 JavaThread "Cache worker for journal cache (C:\Users\jorge\.gradle\caches\journal-1)" [_thread_blocked, id=2216, stack(0x000000001f010000,0x000000001f110000)]
  0x000000001cc43000 JavaThread "Thread-9" [_thread_blocked, id=3388, stack(0x000000001ed10000,0x000000001ee10000)]
  0x000000001cc40000 JavaThread "Stdin handler" [_thread_blocked, id=12936, stack(0x000000001ec10000,0x000000001ed10000)]
  0x000000001cc2c000 JavaThread "Asynchronous log dispatcher for DefaultDaemonConnection: socket connection from /127.0.0.1:50355 to /127.0.0.1:50356" [_thread_blocked, id=11604, stack(0x000000001eb10000,0x000000001ec10000)]
  0x000000001cbe5800 JavaThread "Daemon worker" [_thread_in_vm, id=10312, stack(0x000000001ea10000,0x000000001eb10000)]
  0x000000001cbe5000 JavaThread "Cancel handler" [_thread_blocked, id=5048, stack(0x000000001e910000,0x000000001ea10000)]
  0x000000001cbd1000 JavaThread "Handler for socket connection from /127.0.0.1:50355 to /127.0.0.1:50356" [_thread_in_native, id=8388, stack(0x000000001e810000,0x000000001e910000)]
  0x000000001cb2d000 JavaThread "Daemon" [_thread_blocked, id=10428, stack(0x000000001e710000,0x000000001e810000)]
  0x000000001cb62800 JavaThread "Daemon periodic checks" [_thread_blocked, id=2444, stack(0x000000001e410000,0x000000001e510000)]
  0x000000001cb22800 JavaThread "Incoming local TCP Connector on port 50355" [_thread_in_native, id=10352, stack(0x000000001e1a0000,0x000000001e2a0000)]
  0x000000001ca5c800 JavaThread "Daemon health stats" [_thread_blocked, id=1180, stack(0x000000001db60000,0x000000001dc60000)]
  0x000000001a36f800 JavaThread "Service Thread" daemon [_thread_blocked, id=11520, stack(0x000000001afc0000,0x000000001b0c0000)]
  0x000000001a2e6800 JavaThread "C1 CompilerThread3" daemon [_thread_blocked, id=3644, stack(0x000000001aec0000,0x000000001afc0000)]
  0x000000001a2e3000 JavaThread "C2 CompilerThread2" daemon [_thread_blocked, id=4540, stack(0x000000001adc0000,0x000000001aec0000)]
=>0x00000000184ae000 JavaThread "C2 CompilerThread1" daemon [_thread_in_native, id=9528, stack(0x000000001acc0000,0x000000001adc0000)]
  0x000000001a2d5000 JavaThread "C2 CompilerThread0" daemon [_thread_in_native, id=2200, stack(0x000000001abc0000,0x000000001acc0000)]
  0x000000001a2d3800 JavaThread "Attach Listener" daemon [_thread_blocked, id=6100, stack(0x000000001aac0000,0x000000001abc0000)]
  0x000000001a2d2800 JavaThread "Signal Dispatcher" daemon [_thread_blocked, id=3596, stack(0x000000001a9c0000,0x000000001aac0000)]
  0x000000000336d800 JavaThread "Finalizer" daemon [_thread_blocked, id=8956, stack(0x000000001a7a0000,0x000000001a8a0000)]
  0x0000000003366800 JavaThread "Reference Handler" daemon [_thread_blocked, id=12536, stack(0x000000001a6a0000,0x000000001a7a0000)]
  0x000000000342e000 JavaThread "main" [_thread_blocked, id=9932, stack(0x0000000003130000,0x0000000003230000)]

Other Threads:
  0x0000000018496800 VMThread [stack: 0x000000001a1a0000,0x000000001a2a0000] [id=4860]
  0x000000001a370800 WatcherThread [stack: 0x000000001b0c0000,0x000000001b1c0000] [id=4808]

VM state:not at safepoint (normal execution)

VM Mutex/Monitor currently owned by a thread: None

heap address: 0x0000000080000000, size: 2048 MB, Compressed Oops mode: 32-bit
Narrow klass base: 0x0000000000000000, Narrow klass shift: 3
Compressed class space size: 1073741824 Address: 0x0000000100000000

Heap:
 PSYoungGen      total 276480K, used 243580K [0x00000000d5580000, 0x00000000f0d80000, 0x0000000100000000)
  eden space 260096K, 93% used [0x00000000d5580000,0x00000000e435f140,0x00000000e5380000)
  from space 16384K, 0% used [0x00000000e5380000,0x00000000e5380000,0x00000000e6380000)
  to   space 15872K, 0% used [0x00000000efe00000,0x00000000efe00000,0x00000000f0d80000)
 ParOldGen       total 78336K, used 15286K [0x0000000080000000, 0x0000000084c80000, 0x00000000d5580000)
  object space 78336K, 19% used [0x0000000080000000,0x0000000080eedb58,0x0000000084c80000)
 Metaspace       used 44402K, capacity 46274K, committed 46680K, reserved 1089536K
  class space    used 6019K, capacity 6417K, committed 6528K, reserved 1048576K

Card table byte_map: [0x00000000127f0000,0x0000000012c00000] byte_map_base: 0x00000000123f0000

Marking Bits: (ParMarkBitMap*) 0x0000000050d1f030
 Begin Bits: [0x00000000136b0000, 0x00000000156b0000)
 End Bits:   [0x00000000156b0000, 0x00000000176b0000)

Polling page: 0x0000000001910000

CodeCache: size=245760Kb used=14126Kb max_used=14138Kb free=231633Kb
 bounds [0x0000000003430000, 0x0000000004210000, 0x0000000012430000]
 total_blobs=4861 nmethods=4130 adapters=645
 compilation: enabled

Compilation events (10 events):
Event: 10.606 Thread 0x000000001a2e6800 nmethod 4148 0x00000000041f1950 code [0x00000000041f1aa0, 0x00000000041f1bf0]
Event: 10.606 Thread 0x000000001a2d5000 4149       4       org.objectweb.asm.SymbolTable::addConstantMemberReference (147 bytes)
Event: 10.609 Thread 0x000000001a2e6800 4151       3       java.util.HashMap$EntrySet::iterator (12 bytes)
Event: 10.609 Thread 0x000000001a2e6800 nmethod 4151 0x00000000041f5e90 code [0x00000000041f6000, 0x00000000041f6268]
Event: 10.611 Thread 0x000000001a2e6800 4152   !   3       java.lang.reflect.Field::declaredAnnotations (82 bytes)
Event: 10.612 Thread 0x000000001a2e6800 nmethod 4152 0x00000000041f6350 code [0x00000000041f6500, 0x00000000041f6c48]
Event: 10.636 Thread 0x000000001a2e3000 nmethod 4147 0x00000000041f8fd0 code [0x00000000041f93c0, 0x00000000041fa498]
Event: 10.636 Thread 0x000000001a2e3000 4153       4       org.objectweb.asm.Label::<init> (5 bytes)
Event: 10.636 Thread 0x000000001a2e3000 nmethod 4153 0x00000000041f1710 code [0x00000000041f1840, 0x00000000041f1898]
Event: 10.637 Thread 0x000000001a2e3000 4150       4       org.objectweb.asm.ByteVector::put122 (93 bytes)

GC Heap History (10 events):
Event: 4.301 GC heap before
{Heap before GC invocations=5 (full 0):
 PSYoungGen      total 138240K, used 8911K [0x00000000d5580000, 0x00000000de180000, 0x0000000100000000)
  eden space 133120K, 2% used [0x00000000d5580000,0x00000000d5936c60,0x00000000dd780000)
  from space 5120K, 99% used [0x00000000ddc80000,0x00000000de17d040,0x00000000de180000)
  to   space 5120K, 0% used [0x00000000dd780000,0x00000000dd780000,0x00000000ddc80000)
 ParOldGen       total 87552K, used 10788K [0x0000000080000000, 0x0000000085580000, 0x00000000d5580000)
  object space 87552K, 12% used [0x0000000080000000,0x0000000080a89148,0x0000000085580000)
 Metaspace       used 20495K, capacity 21204K, committed 21248K, reserved 1067008K
  class space    used 2859K, capacity 3048K, committed 3072K, reserved 1048576K
Event: 4.309 GC heap after
Heap after GC invocations=5 (full 0):
 PSYoungGen      total 138240K, used 5092K [0x00000000d5580000, 0x00000000e7380000, 0x0000000100000000)
  eden space 133120K, 0% used [0x00000000d5580000,0x00000000d5580000,0x00000000dd780000)
  from space 5120K, 99% used [0x00000000dd780000,0x00000000ddc79050,0x00000000ddc80000)
  to   space 13312K, 0% used [0x00000000e6680000,0x00000000e6680000,0x00000000e7380000)
 ParOldGen       total 87552K, used 10919K [0x0000000080000000, 0x0000000085580000, 0x00000000d5580000)
  object space 87552K, 12% used [0x0000000080000000,0x0000000080aa9dc0,0x0000000085580000)
 Metaspace       used 20495K, capacity 21204K, committed 21248K, reserved 1067008K
  class space    used 2859K, capacity 3048K, committed 3072K, reserved 1048576K
}
Event: 4.309 GC heap before
{Heap before GC invocations=6 (full 1):
 PSYoungGen      total 138240K, used 5092K [0x00000000d5580000, 0x00000000e7380000, 0x0000000100000000)
  eden space 133120K, 0% used [0x00000000d5580000,0x00000000d5580000,0x00000000dd780000)
  from space 5120K, 99% used [0x00000000dd780000,0x00000000ddc79050,0x00000000ddc80000)
  to   space 13312K, 0% used [0x00000000e6680000,0x00000000e6680000,0x00000000e7380000)
 ParOldGen       total 87552K, used 10919K [0x0000000080000000, 0x0000000085580000, 0x00000000d5580000)
  object space 87552K, 12% used [0x0000000080000000,0x0000000080aa9dc0,0x0000000085580000)
 Metaspace       used 20495K, capacity 21204K, committed 21248K, reserved 1067008K
  class space    used 2859K, capacity 3048K, committed 3072K, reserved 1048576K
Event: 4.357 GC heap after
Heap after GC invocations=6 (full 1):
 PSYoungGen      total 138240K, used 0K [0x00000000d5580000, 0x00000000e7380000, 0x0000000100000000)
  eden space 133120K, 0% used [0x00000000d5580000,0x00000000d5580000,0x00000000dd780000)
  from space 5120K, 0% used [0x00000000dd780000,0x00000000dd780000,0x00000000ddc80000)
  to   space 13312K, 0% used [0x00000000e6680000,0x00000000e6680000,0x00000000e7380000)
 ParOldGen       total 54272K, used 6687K [0x0000000080000000, 0x0000000083500000, 0x00000000d5580000)
  object space 54272K, 12% used [0x0000000080000000,0x0000000080687d58,0x0000000083500000)
 Metaspace       used 20495K, capacity 21204K, committed 21248K, reserved 1067008K
  class space    used 2859K, capacity 3048K, committed 3072K, reserved 1048576K
}
Event: 6.717 GC heap before
{Heap before GC invocations=7 (full 1):
 PSYoungGen      total 138240K, used 133120K [0x00000000d5580000, 0x00000000e7380000, 0x0000000100000000)
  eden space 133120K, 100% used [0x00000000d5580000,0x00000000dd780000,0x00000000dd780000)
  from space 5120K, 0% used [0x00000000dd780000,0x00000000dd780000,0x00000000ddc80000)
  to   space 13312K, 0% used [0x00000000e6680000,0x00000000e6680000,0x00000000e7380000)
 ParOldGen       total 54272K, used 6687K [0x0000000080000000, 0x0000000083500000, 0x00000000d5580000)
  object space 54272K, 12% used [0x0000000080000000,0x0000000080687d58,0x0000000083500000)
 Metaspace       used 32705K, capacity 33718K, committed 33920K, reserved 1079296K
  class space    used 4457K, capacity 4723K, committed 4736K, reserved 1048576K
Event: 6.741 GC heap after
Heap after GC invocations=7 (full 1):
 PSYoungGen      total 250368K, used 13287K [0x00000000d5580000, 0x00000000e7380000, 0x0000000100000000)
  eden space 237056K, 0% used [0x00000000d5580000,0x00000000d5580000,0x00000000e3d00000)
  from space 13312K, 99% used [0x00000000e6680000,0x00000000e7379ec8,0x00000000e7380000)
  to   space 16384K, 0% used [0x00000000e5380000,0x00000000e5380000,0x00000000e6380000)
 ParOldGen       total 54272K, used 7817K [0x0000000080000000, 0x0000000083500000, 0x00000000d5580000)
  object space 54272K, 14% used [0x0000000080000000,0x00000000807a2508,0x0000000083500000)
 Metaspace       used 32705K, capacity 33718K, committed 33920K, reserved 1079296K
  class space    used 4457K, capacity 4723K, committed 4736K, reserved 1048576K
}
Event: 7.283 GC heap before
{Heap before GC invocations=8 (full 1):
 PSYoungGen      total 250368K, used 50669K [0x00000000d5580000, 0x00000000e7380000, 0x0000000100000000)
  eden space 237056K, 15% used [0x00000000d5580000,0x00000000d7a01858,0x00000000e3d00000)
  from space 13312K, 99% used [0x00000000e6680000,0x00000000e7379ec8,0x00000000e7380000)
  to   space 16384K, 0% used [0x00000000e5380000,0x00000000e5380000,0x00000000e6380000)
 ParOldGen       total 54272K, used 7817K [0x0000000080000000, 0x0000000083500000, 0x00000000d5580000)
  object space 54272K, 14% used [0x0000000080000000,0x00000000807a2508,0x0000000083500000)
 Metaspace       used 34243K, capacity 35392K, committed 35416K, reserved 1079296K
  class space    used 4711K, capacity 4973K, committed 4992K, reserved 1048576K
Event: 7.299 GC heap after
Heap after GC invocations=8 (full 1):
 PSYoungGen      total 276480K, used 8855K [0x00000000d5580000, 0x00000000f0d80000, 0x0000000100000000)
  eden space 260096K, 0% used [0x00000000d5580000,0x00000000d5580000,0x00000000e5380000)
  from space 16384K, 54% used [0x00000000e5380000,0x00000000e5c25ec8,0x00000000e6380000)
  to   space 15872K, 0% used [0x00000000efe00000,0x00000000efe00000,0x00000000f0d80000)
 ParOldGen       total 54272K, used 7825K [0x0000000080000000, 0x0000000083500000, 0x00000000d5580000)
  object space 54272K, 14% used [0x0000000080000000,0x00000000807a4508,0x0000000083500000)
 Metaspace       used 34243K, capacity 35392K, committed 35416K, reserved 1079296K
  class space    used 4711K, capacity 4973K, committed 4992K, reserved 1048576K
}
Event: 7.299 GC heap before
{Heap before GC invocations=9 (full 2):
 PSYoungGen      total 276480K, used 8855K [0x00000000d5580000, 0x00000000f0d80000, 0x0000000100000000)
  eden space 260096K, 0% used [0x00000000d5580000,0x00000000d5580000,0x00000000e5380000)
  from space 16384K, 54% used [0x00000000e5380000,0x00000000e5c25ec8,0x00000000e6380000)
  to   space 15872K, 0% used [0x00000000efe00000,0x00000000efe00000,0x00000000f0d80000)
 ParOldGen       total 54272K, used 7825K [0x0000000080000000, 0x0000000083500000, 0x00000000d5580000)
  object space 54272K, 14% used [0x0000000080000000,0x00000000807a4508,0x0000000083500000)
 Metaspace       used 34243K, capacity 35392K, committed 35416K, reserved 1079296K
  class space    used 4711K, capacity 4973K, committed 4992K, reserved 1048576K
Event: 7.413 GC heap after
Heap after GC invocations=9 (full 2):
 PSYoungGen      total 276480K, used 0K [0x00000000d5580000, 0x00000000f0d80000, 0x0000000100000000)
  eden space 260096K, 0% used [0x00000000d5580000,0x00000000d5580000,0x00000000e5380000)
  from space 16384K, 0% used [0x00000000e5380000,0x00000000e5380000,0x00000000e6380000)
  to   space 15872K, 0% used [0x00000000efe00000,0x00000000efe00000,0x00000000f0d80000)
 ParOldGen       total 78336K, used 15286K [0x0000000080000000, 0x0000000084c80000, 0x00000000d5580000)
  object space 78336K, 19% used [0x0000000080000000,0x0000000080eedb58,0x0000000084c80000)
 Metaspace       used 34243K, capacity 35392K, committed 35416K, reserved 1079296K
  class space    used 4711K, capacity 4973K, committed 4992K, reserved 1048576K
}

Deoptimization events (10 events):
Event: 9.215 Thread 0x000000001cbe5800 Uncommon trap: reason=bimorphic action=maybe_recompile pc=0x00000000041071b4 method=java.lang.ClassLoader.getPackage(Ljava/lang/String;)Ljava/lang/Package; @ 47
Event: 9.216 Thread 0x000000001cbe5800 Uncommon trap: reason=bimorphic action=maybe_recompile pc=0x00000000041071b4 method=java.lang.ClassLoader.getPackage(Ljava/lang/String;)Ljava/lang/Package; @ 47
Event: 9.216 Thread 0x000000001cbe5800 Uncommon trap: reason=bimorphic action=maybe_recompile pc=0x00000000041071b4 method=java.lang.ClassLoader.getPackage(Ljava/lang/String;)Ljava/lang/Package; @ 47
Event: 9.398 Thread 0x000000001cbe5800 Uncommon trap: reason=bimorphic action=maybe_recompile pc=0x000000000415442c method=java.lang.ClassLoader.getPackage(Ljava/lang/String;)Ljava/lang/Package; @ 47
Event: 9.552 Thread 0x000000001cbe5800 Uncommon trap: reason=unstable_if action=reinterpret pc=0x0000000003fe8428 method=java.io.BufferedInputStream.read([BII)I @ 56
Event: 9.669 Thread 0x000000001cbe5800 Uncommon trap: reason=bimorphic action=maybe_recompile pc=0x0000000003d351d0 method=java.util.AbstractCollection.addAll(Ljava/util/Collection;)Z @ 29
Event: 9.683 Thread 0x000000001cbe5800 Uncommon trap: reason=bimorphic action=maybe_recompile pc=0x0000000003d351d0 method=java.util.AbstractCollection.addAll(Ljava/util/Collection;)Z @ 29
Event: 10.075 Thread 0x000000001cbe5800 Uncommon trap: reason=unstable_if action=reinterpret pc=0x0000000003d52988 method=org.objectweb.asm.ByteVector.putUTF8(Ljava/lang/String;)Lorg/objectweb/asm/ByteVector; @ 93
Event: 10.087 Thread 0x000000001cbe5800 Uncommon trap: reason=unstable_if action=reinterpret pc=0x0000000003ae4a28 method=org.objectweb.asm.ByteVector.putUTF8(Ljava/lang/String;)Lorg/objectweb/asm/ByteVector; @ 93
Event: 10.161 Thread 0x000000001cbe5800 Uncommon trap: reason=predicate action=maybe_recompile pc=0x0000000003df3990 method=java.util.Arrays.binarySearch0([Ljava/lang/Object;IILjava/lang/Object;Ljava/util/Comparator;)I @ 28

Classes redefined (0 events):
No events

Internal exceptions (10 events):
Event: 9.161 Thread 0x000000001cc43000 Exception <a 'java/lang/NoSuchMethodError': <clinit>> (0x00000000d8802370) thrown at [C:\src\AOSP-openjdk-git\hotspot\src\share\vm\prims\jni.cpp, line 1615]
Event: 9.165 Thread 0x000000001cc43000 Exception <a 'java/lang/NoSuchMethodError': <clinit>> (0x00000000d880c5e0) thrown at [C:\src\AOSP-openjdk-git\hotspot\src\share\vm\prims\jni.cpp, line 1615]
Event: 9.165 Thread 0x000000001cc43000 Exception <a 'java/lang/NoSuchMethodError': <clinit>> (0x00000000d8817690) thrown at [C:\src\AOSP-openjdk-git\hotspot\src\share\vm\prims\jni.cpp, line 1615]
Event: 9.168 Thread 0x000000001cc43000 Exception <a 'java/lang/NoSuchMethodError': <clinit>> (0x00000000d882ab18) thrown at [C:\src\AOSP-openjdk-git\hotspot\src\share\vm\prims\jni.cpp, line 1615]
Event: 9.184 Thread 0x000000001cbe5800 Exception <a 'java/lang/ClassNotFoundException': build_a5gav0dhxh06ga30hpg55nux0BeanInfo> (0x00000000e0069278) thrown at [C:\src\AOSP-openjdk-git\hotspot\src\share\vm\classfile\systemDictionary.cpp, line 210]
Event: 9.185 Thread 0x000000001cbe5800 Exception <a 'java/lang/ClassNotFoundException': build_a5gav0dhxh06ga30hpg55nux0Customizer> (0x00000000e0074eb8) thrown at [C:\src\AOSP-openjdk-git\hotspot\src\share\vm\classfile\systemDictionary.cpp, line 210]
Event: 9.194 Thread 0x000000001cbe5800 Exception <a 'java/lang/ClassNotFoundException': org/gradle/plugin/use/internal/PluginRequestCollector$PluginDependenciesSpecImplBeanInfo> (0x00000000e0114c28) thrown at [C:\src\AOSP-openjdk-git\hotspot\src\share\vm\classfile\systemDictionary.cpp, line 21
Event: 9.195 Thread 0x000000001cbe5800 Exception <a 'java/lang/ClassNotFoundException': org/gradle/plugin/use/internal/PluginRequestCollector$PluginDependenciesSpecImplCustomizer> (0x00000000e0154b68) thrown at [C:\src\AOSP-openjdk-git\hotspot\src\share\vm\classfile\systemDictionary.cpp, line 
Event: 9.252 Thread 0x000000001cbe5800 Exception <a 'java/lang/ClassNotFoundException': org/gradle/api/internal/plugins/DefaultObjectConfigurationActionBeanInfo> (0x00000000e04c23c8) thrown at [C:\src\AOSP-openjdk-git\hotspot\src\share\vm\classfile\systemDictionary.cpp, line 210]
Event: 9.254 Thread 0x000000001cbe5800 Exception <a 'java/lang/ClassNotFoundException': org/gradle/api/internal/plugins/DefaultObjectConfigurationActionCustomizer> (0x00000000e0509488) thrown at [C:\src\AOSP-openjdk-git\hotspot\src\share\vm\classfile\systemDictionary.cpp, line 210]

Events (10 events):
Event: 10.620 loading class org/gradle/api/tasks/compile/AbstractCompile
Event: 10.620 loading class org/gradle/api/tasks/compile/AbstractCompile done
Event: 10.620 loading class org/gradle/api/tasks/SourceTask
Event: 10.620 loading class org/gradle/api/tasks/SourceTask done
Event: 10.626 loading class org/gradle/api/plugins/JavaBasePlugin$7
Event: 10.626 loading class org/gradle/api/plugins/JavaBasePlugin$7 done
Event: 10.628 loading class org/gradle/api/tasks/javadoc/Javadoc
Event: 10.628 loading class org/gradle/api/tasks/javadoc/Javadoc done
Event: 10.636 loading class org/gradle/api/plugins/JavaBasePlugin$8
Event: 10.636 loading class org/gradle/api/plugins/JavaBasePlugin$8 done


Dynamic libraries:
0x00007ff6b0050000 - 0x00007ff6b0081000 	C:\Program Files\Android\Android Studio\jre\bin\java.exe
0x00007ff883d50000 - 0x00007ff883f45000 	C:\Windows\SYSTEM32\ntdll.dll
0x00007ff883570000 - 0x00007ff88362d000 	C:\Windows\System32\KERNEL32.DLL
0x00007ff881700000 - 0x00007ff8819c8000 	C:\Windows\System32\KERNELBASE.dll
0x00007ff883b50000 - 0x00007ff883bfc000 	C:\Windows\System32\ADVAPI32.dll
0x00007ff882710000 - 0x00007ff8827ae000 	C:\Windows\System32\msvcrt.dll
0x00007ff883240000 - 0x00007ff8832db000 	C:\Windows\System32\sechost.dll
0x00007ff8822d0000 - 0x00007ff8823fb000 	C:\Windows\System32\RPCRT4.dll
0x00007ff882f20000 - 0x00007ff8830c0000 	C:\Windows\System32\USER32.dll
0x00007ff881cb0000 - 0x00007ff881cd2000 	C:\Windows\System32\win32u.dll
0x00007ff883c00000 - 0x00007ff883c2a000 	C:\Windows\System32\GDI32.dll
0x00007ff881490000 - 0x00007ff88159b000 	C:\Windows\System32\gdi32full.dll
0x00007ff8819d0000 - 0x00007ff881a6d000 	C:\Windows\System32\msvcp_win.dll
0x00007ff881bb0000 - 0x00007ff881cb0000 	C:\Windows\System32\ucrtbase.dll
0x00007ff86ea30000 - 0x00007ff86ecca000 	C:\Windows\WinSxS\amd64_microsoft.windows.common-controls_6595b64144ccf1df_6.0.19041.844_none_ca00b6081b84eb1d\COMCTL32.dll
0x00007ff8826e0000 - 0x00007ff882710000 	C:\Windows\System32\IMM32.DLL
0x0000000051380000 - 0x0000000051452000 	C:\Program Files\Android\Android Studio\jre\jre\bin\msvcr100.dll
0x0000000050550000 - 0x0000000050d9b000 	C:\Program Files\Android\Android Studio\jre\jre\bin\server\jvm.dll
0x00007ff883c30000 - 0x00007ff883c38000 	C:\Windows\System32\PSAPI.DLL
0x00007ff879b40000 - 0x00007ff879b67000 	C:\Windows\SYSTEM32\WINMM.dll
0x00007ff87ba60000 - 0x00007ff87ba6a000 	C:\Windows\SYSTEM32\VERSION.dll
0x00007ff878140000 - 0x00007ff878149000 	C:\Windows\SYSTEM32\WSOCK32.dll
0x00007ff8839f0000 - 0x00007ff883a5b000 	C:\Windows\System32\WS2_32.dll
0x00007ff877fc0000 - 0x00007ff877fcf000 	C:\Program Files\Android\Android Studio\jre\jre\bin\verify.dll
0x00007ff86c2f0000 - 0x00007ff86c319000 	C:\Program Files\Android\Android Studio\jre\jre\bin\java.dll
0x00007ff876e50000 - 0x00007ff876e66000 	C:\Program Files\Android\Android Studio\jre\jre\bin\zip.dll
0x00007ff8827d0000 - 0x00007ff882f12000 	C:\Windows\System32\SHELL32.dll
0x00007ff87f5f0000 - 0x00007ff87fd81000 	C:\Windows\SYSTEM32\windows.storage.dll
0x00007ff883630000 - 0x00007ff883985000 	C:\Windows\System32\combase.dll
0x00007ff880f00000 - 0x00007ff880f2c000 	C:\Windows\SYSTEM32\Wldp.dll
0x00007ff8825c0000 - 0x00007ff88266e000 	C:\Windows\System32\SHCORE.dll
0x00007ff882680000 - 0x00007ff8826d5000 	C:\Windows\System32\shlwapi.dll
0x00007ff8813d0000 - 0x00007ff8813ef000 	C:\Windows\SYSTEM32\profapi.dll
0x00007ff86eff0000 - 0x00007ff86f00a000 	C:\Program Files\Android\Android Studio\jre\jre\bin\net.dll
0x00007ff880c70000 - 0x00007ff880cda000 	C:\Windows\system32\mswsock.dll
0x00007ff86df80000 - 0x00007ff86df93000 	C:\Program Files\Android\Android Studio\jre\jre\bin\nio.dll
0x00007ff851570000 - 0x00007ff851597000 	C:\Users\jorge\.gradle\native\f6784746aeab05261644944871eae4fe03e0ef1612fff0a4a95f87b438bc6780\windows-amd64\native-platform.dll
0x00007ff871fc0000 - 0x00007ff871fcd000 	C:\Program Files\Android\Android Studio\jre\jre\bin\management.dll
0x00007ff880e40000 - 0x00007ff880e58000 	C:\Windows\SYSTEM32\CRYPTSP.dll
0x00007ff8805a0000 - 0x00007ff8805d4000 	C:\Windows\system32\rsaenh.dll
0x00007ff881a70000 - 0x00007ff881a97000 	C:\Windows\System32\bcrypt.dll
0x00007ff881350000 - 0x00007ff88137e000 	C:\Windows\SYSTEM32\USERENV.dll
0x00007ff881ce0000 - 0x00007ff881d60000 	C:\Windows\System32\bcryptprimitives.dll
0x00007ff880e60000 - 0x00007ff880e6c000 	C:\Windows\SYSTEM32\CRYPTBASE.dll
0x00007ff880910000 - 0x00007ff88094b000 	C:\Windows\SYSTEM32\IPHLPAPI.DLL
0x00007ff882400000 - 0x00007ff882408000 	C:\Windows\System32\NSI.dll
0x00007ff87ba70000 - 0x00007ff87ba87000 	C:\Windows\SYSTEM32\dhcpcsvc6.DLL
0x00007ff87b520000 - 0x00007ff87b53d000 	C:\Windows\SYSTEM32\dhcpcsvc.DLL
0x00007ff880960000 - 0x00007ff880a2c000 	C:\Windows\SYSTEM32\DNSAPI.dll
0x00007ff87bab0000 - 0x00007ff87babb000 	C:\Windows\SYSTEM32\WINNSI.DLL
0x00007ff8702e0000 - 0x00007ff8704c4000 	C:\Windows\SYSTEM32\dbghelp.dll

VM Arguments:
jvm_args: -Xmx2048m -Dfile.encoding=UTF-8 -Duser.country=ES -Duser.language=es -Duser.variant 
java_command: org.gradle.launcher.daemon.bootstrap.GradleDaemon 6.5
java_class_path (initial): C:\Users\jorge\.gradle\wrapper\dists\gradle-6.5-bin\6nifqtx7604sqp1q6g8wikw7p\gradle-6.5\lib\gradle-launcher-6.5.jar
Launcher Type: SUN_STANDARD

Environment Variables:
PATH=C:\Program Files\Common Files\Oracle\Java\javapath;C:\Program Files (x86)\Qucs\bin;C:\Program Files (x86)\NVIDIA Corporation\PhysX\Common;C:\Windows\system32;C:\Windows;C:\Windows\System32\Wbem;C:\Windows\System32\WindowsPowerShell\v1.0\;C:\Windows\System32\OpenSSH\;C:\Program Files\Microsoft VS Code\bin;C:\Program Files\Common Files\Autodesk Shared\;C:\Program Files\Microsoft SQL Server\120\Tools\Binn\;C:\Ruby26-x64\bin;C:\Users\jorge\AppData\Local\Programs\Python\Python37\Scripts\;C:\Users\jorge\AppData\Local\Programs\Python\Python37\;C:\Users\jorge\AppData\Local\Microsoft\WindowsApps;C:\Users\jorge\AppData\Local\GitHubDesktop\bin
USERNAME=jorge
OS=Windows_NT
PROCESSOR_IDENTIFIER=AMD64 Family 23 Model 1 Stepping 1, AuthenticAMD



---------------  S Y S T E M  ---------------

OS: Windows 10.0 , 64 bit Build 19041 (10.0.19041.928)

CPU:total 8 (initial active 8) (8 cores per cpu, 1 threads per core) family 23 model 1 stepping 1, cmov, cx8, fxsr, mmx, sse, sse2, sse3, ssse3, sse4.1, sse4.2, popcnt, avx, avx2, aes, clmul, mmxext, 3dnowpref, lzcnt, sse4a, tsc, tscinvbit, tscinv, bmi1

Memory: 4k page, physical 8313952k(3212464k free), swap 17226848k(9924380k free)

vm_info: OpenJDK 64-Bit Server VM (25.242-b01) for windows-amd64 JRE (1.8.0_242-release-1644-b01), built by "builder" with MS VC++ 10.0 (VS2010)

time: Sun May 09 13:16:29 2021
timezone: Hora de verano romance
elapsed time: 10 seconds (0d 0h 0m 10s)

